<?xml version="1.0" encoding="UTF-8"?>
<!-- Generated by org.testng.reporters.JUnitXMLReporter -->
<testsuite hostname="VITSIN-1-65" ignored="4" name="Login Test" tests="28" failures="2" timestamp="2019-10-05T09:45:06 EDT" time="653.474" errors="0">
  <testcase name="Verify_login_page_title" time="0.558" classname="TestCases.LoginTest"/>
  <testcase name="Verify_the_login_page_URL" time="3.526" classname="TestCases.LoginTest"/>
  <testcase name="Verify_login_page_UI_fields" time="0.295" classname="TestCases.LoginTest"/>
  <testcase name="Verify_validation_message_with_valid_emailAddress_and_empty_password_field" time="7.546" classname="TestCases.LoginTest"/>
  <testcase name="Verify_validation_message_with_valid_password_and_empty_emailAddress_field" time="10.476" classname="TestCases.LoginTest"/>
  <testcase name="Verify_validation_message_with_empty_email_address_and_empty_password_field" time="12.299" classname="TestCases.LoginTest"/>
  <testcase name="Verify_validation_message_with_invalid_email_address_and_invalid_password_field" time="5.509" classname="TestCases.LoginTest"/>
  <testcase name="Verify_forgot_password_link" time="17.088" classname="TestCases.LoginTest"/>
  <testcase name="Verify_login_functionality_with_valid_credentials_of_superAdmin" time="57.472" classname="TestCases.LoginTest"/>
  <testcase name="Verify_the_Report_Logs_Navigation_bar_link_functionality" time="21.746" classname="TestCases.ReportLogsTest"/>
  <testcase name="Verify_the_UI_of_Report_Logs" time="22.406" classname="TestCases.ReportLogsTest"/>
  <testcase name="Verify_Email_On_demands_download_UI" time="23.277" classname="TestCases.ReportLogsTest"/>
  <testcase name="Verify_Send_Report_button_functionality_on_Email_On_Demand_download_Popup_if_left_empty_email_field" time="24.33" classname="TestCases.ReportLogsTest"/>
  <testcase name="Verify_PDF_download" time="29.706" classname="TestCases.ReportLogsTest"/>
  <testcase name="Verify_CSV_download_functionality" time="26.232" classname="TestCases.ReportLogsTest"/>
  <testcase name="Verify_HTML_download_functionality" time="26.418" classname="TestCases.ReportLogsTest"/>
  <testcase name="Verify_the_search_functionality" time="20.583" classname="TestCases.ReportLogsTest"/>
  <testcase name="Verify_the_pagination_functionality" time="47.299" classname="TestCases.ReportLogsTest">
    <failure type="java.lang.AssertionError" message="Unable To verify the pagination functionality">
      <![CDATA[java.lang.AssertionError: Unable To verify the pagination functionality
at TestCases.ReportLogsTest.Verify_the_pagination_functionality(ReportLogsTest.java:328)
at java.util.ArrayList.forEach(Unknown Source)
... Removed 28 stack frames]]>
    </failure>
  </testcase> <!-- Verify_the_pagination_functionality -->
  <testcase name="Verify_the_sorting_functionality" time="26.658" classname="TestCases.ReportLogsTest">
    <failure type="java.lang.AssertionError" message="did not expect to find [Trip Stop Detailed] but found [Trip Stop Detailed]">
      <![CDATA[java.lang.AssertionError: did not expect to find [Trip Stop Detailed] but found [Trip Stop Detailed]
at TestCases.ReportLogsTest.Verify_the_sorting_functionality(ReportLogsTest.java:350)
at java.util.ArrayList.forEach(Unknown Source)
... Removed 30 stack frames]]>
    </failure>
  </testcase> <!-- Verify_the_sorting_functionality -->
  <testcase name="Verify_Send_Report_button_functionality_on_Email_on_Demand_download_Popup_if_Fill_up_email_field" time="45.16" classname="TestCases.ReportLogsTest"/>
  <testcase name="Verify_the_Reports_navigation_bar" time="49.699" classname="TestCases.TripStopDetailedTest"/>
  <testcase name="Verify_the_UI_of_Trip_Stop_Detailed_page" time="21.035" classname="TestCases.TripStopDetailedTest"/>
  <testcase name="Verify_the_Email_on_Demand_tooltip" time="18.51" classname="TestCases.TripStopDetailedTest"/>
  <testcase name="Verify_the_PDF_tooltip" time="18.253" classname="TestCases.TripStopDetailedTest"/>
  <testcase name="Verify_the_CSV_tooltip" time="18.378" classname="TestCases.TripStopDetailedTest"/>
  <testcase name="Verify_the_HTML_tooltip" time="18.329" classname="TestCases.TripStopDetailedTest"/>
  <testcase name="Verify_the_Placeholder_in_all_field_on_Trip_Stop_Detailed_page" time="22.59" classname="TestCases.TripStopDetailedTest"/>
  <testcase name="Verify_the_validation_message_in_all_field_on_Trip_Stop_Detailed_page" time="25.296" classname="TestCases.TripStopDetailedTest"/>
  <testcase name="@BeforeSuite beforeSuite" time="0.0" classname="Common.BaseSetup">
    <ignored/>
  </testcase> <!-- @BeforeSuite beforeSuite -->
  <testcase name="@BeforeSuite beforeSuite" time="0.0" classname="Common.BaseSetup">
    <ignored/>
  </testcase> <!-- @BeforeSuite beforeSuite -->
  <testcase name="@AfterSuite afterSuite" time="0.0" classname="Common.BaseSetup">
    <ignored/>
  </testcase> <!-- @AfterSuite afterSuite -->
  <testcase name="@AfterSuite afterSuite" time="0.0" classname="Common.BaseSetup">
    <ignored/>
  </testcase> <!-- @AfterSuite afterSuite -->
</testsuite> <!-- Login Test -->
