<?xml version="1.0" encoding="UTF-8"?>
<!-- Generated by org.testng.reporters.JUnitXMLReporter -->
<testsuite hostname="VITSIN-1-65" ignored="0" name="Create user Tests" tests="2" failures="2" timestamp="2019-08-28T07:27:34 EDT" time="80.285" errors="0">
  <testcase name="Verify_org_user_login_functionality_with_publish_alerts_and_receive_alerts_permission" time="40.118" classname="TestCases.CreateUserTest">
    <failure type="java.lang.AssertionError" message="Verify org user login functionality with &amp;apos;publish alerts &amp;amp; receive alerts&amp;apos; permission">
      <![CDATA[java.lang.AssertionError: Verify org user login functionality with 'publish alerts & receive alerts' permission
at TestCases.CreateUserTest.Verify_org_user_login_functionality_with_publish_alerts_and_receive_alerts_permission(CreateUserTest.java:511)
at java.util.ArrayList.forEach(Unknown Source)
... Removed 28 stack frames]]>
    </failure>
  </testcase> <!-- Verify_org_user_login_functionality_with_publish_alerts_and_receive_alerts_permission -->
  <testcase name="Verify_org_user_login_functionality_with_receive_alerts_permission" time="38.23" classname="TestCases.CreateUserTest">
    <failure type="java.lang.AssertionError" message="Verify org user login functionality with &amp;apos;receive alerts&amp;apos; permission ">
      <![CDATA[java.lang.AssertionError: Verify org user login functionality with 'receive alerts' permission 
at TestCases.CreateUserTest.Verify_org_user_login_functionality_with_receive_alerts_permission(CreateUserTest.java:587)
at java.util.ArrayList.forEach(Unknown Source)
... Removed 28 stack frames]]>
    </failure>
  </testcase> <!-- Verify_org_user_login_functionality_with_receive_alerts_permission -->
</testsuite> <!-- Create user Tests -->
