<?xml version="1.0" encoding="UTF-8"?>
<!-- Generated by org.testng.reporters.JUnitXMLReporter -->
<testsuite hostname="VITSIN-1-65" ignored="2" name="Login Test" tests="20" failures="0" timestamp="2019-10-03T03:58:42 EDT" time="422.364" errors="0">
  <testcase name="Verify_login_page_title" time="0.547" classname="TestCases.LoginTest"/>
  <testcase name="Verify_the_login_page_URL" time="3.532" classname="TestCases.LoginTest"/>
  <testcase name="Verify_login_page_UI_fields" time="0.294" classname="TestCases.LoginTest"/>
  <testcase name="Verify_validation_message_with_valid_emailAddress_and_empty_password_field" time="7.585" classname="TestCases.LoginTest"/>
  <testcase name="Verify_validation_message_with_valid_password_and_empty_emailAddress_field" time="10.6" classname="TestCases.LoginTest"/>
  <testcase name="Verify_validation_message_with_empty_email_address_and_empty_password_field" time="12.235" classname="TestCases.LoginTest"/>
  <testcase name="Verify_validation_message_with_invalid_email_address_and_invalid_password_field" time="5.558" classname="TestCases.LoginTest"/>
  <testcase name="Verify_forgot_password_link" time="17.073" classname="TestCases.LoginTest"/>
  <testcase name="Verify_login_functionality_with_valid_credentials_of_superAdmin" time="57.662" classname="TestCases.LoginTest"/>
  <testcase name="Verify_the_Report_Logs_Navigation_bar_link_functionality" time="21.606" classname="TestCases.ReportsTest"/>
  <testcase name="Verify_the_UI_of_Report_Logs" time="22.109" classname="TestCases.ReportsTest"/>
  <testcase name="Verify_Email_On_demands_download_UI" time="23.506" classname="TestCases.ReportsTest"/>
  <testcase name="Verify_Send_Report_button_functionality_on_Email_On_Demand_download_Popup_if_left_empty_email_field" time="24.165" classname="TestCases.ReportsTest"/>
  <testcase name="Verify_PDF_download" time="26.176" classname="TestCases.ReportsTest"/>
  <testcase name="Verify_CSV_download_functionality" time="26.409" classname="TestCases.ReportsTest"/>
  <testcase name="Verify_HTML_download_functionality" time="26.489" classname="TestCases.ReportsTest"/>
  <testcase name="Verify_the_search_functionality" time="19.917" classname="TestCases.ReportsTest"/>
  <testcase name="Verify_the_pagination_functionality" time="20.036" classname="TestCases.ReportsTest"/>
  <testcase name="Verify_the_sorting_functionality" time="19.941" classname="TestCases.ReportsTest"/>
  <testcase name="Verify_Send_Report_button_functionality_on_Email_on_Demand_download_Popup_if_Fill_up_email_field" time="53.631" classname="TestCases.ReportsTest"/>
  <testcase name="@BeforeSuite beforeSuite" time="0.0" classname="Common.BaseSetup">
    <ignored/>
  </testcase> <!-- @BeforeSuite beforeSuite -->
  <testcase name="@AfterSuite afterSuite" time="0.0" classname="Common.BaseSetup">
    <ignored/>
  </testcase> <!-- @AfterSuite afterSuite -->
</testsuite> <!-- Login Test -->
