<?xml version="1.0" encoding="UTF-8"?>
<!-- Generated by org.testng.reporters.JUnitXMLReporter -->
<testsuite hostname="VITSIN-1-65" ignored="0" name="Default test" tests="11" failures="0" timestamp="2019-10-10T11:12:27 EDT" time="369.925" errors="0">
  <testcase name="Verify_the_Reports_navigation_bar" time="54.811" classname="TestCases.TripStopDetailedTest"/>
  <testcase name="Verify_the_UI_of_Trip_Stop_Detailed_page" time="39.92" classname="TestCases.TripStopDetailedTest"/>
  <testcase name="Verify_the_Placeholder_in_all_field_on_Trip_Stop_Detailed_page" time="25.865" classname="TestCases.TripStopDetailedTest"/>
  <testcase name="Verify_the_validation_message_in_all_field_on_Trip_Stop_Detailed_page" time="29.785" classname="TestCases.TripStopDetailedTest"/>
  <testcase name="Verify_the_Email_on_Demand_tooltip" time="22.075" classname="TestCases.TripStopDetailedTest"/>
  <testcase name="Verify_the_PDF_tooltip" time="21.782" classname="TestCases.TripStopDetailedTest"/>
  <testcase name="Verify_the_CSV_tooltip" time="21.426" classname="TestCases.TripStopDetailedTest"/>
  <testcase name="Verify_the_HTML_tooltip" time="21.589" classname="TestCases.TripStopDetailedTest"/>
  <testcase name="Verify_the_Trip_Stop_Detailed_using_DailyPeriod_functionality" time="40.749" classname="TestCases.TripStopDetailedTest"/>
  <testcase name="Verify_the_Trip_Stop_Detailed_using_WeeklyPeriod_functionality" time="40.109" classname="TestCases.TripStopDetailedTest"/>
  <testcase name="Verify_the_Trip_Stop_Detailed_using_Monthly_Period_functionality" time="40.406" classname="TestCases.TripStopDetailedTest"/>
</testsuite> <!-- Default test -->
